Compiling the C compiler identification source file "CMakeCCompilerId.c" failed.
Compiler: C:/SysGCC/esp32/opt/xtensa-esp32-elf/bin/xtensa-esp32-elf-gcc.exe 
Build flags: 
Id flags:  

The output was:
1
c:/sysgcc/esp32/opt/xtensa-esp32-elf/bin/../lib/gcc/xtensa-esp32-elf/5.2.0/../../../../xtensa-esp32-elf/bin/ld.exe: cannot find crt1-sim.o: No such file or directory
c:/sysgcc/esp32/opt/xtensa-esp32-elf/bin/../lib/gcc/xtensa-esp32-elf/5.2.0/../../../../xtensa-esp32-elf/bin/ld.exe: cannot find _vectors.o: No such file or directory
c:/sysgcc/esp32/opt/xtensa-esp32-elf/bin/../lib/gcc/xtensa-esp32-elf/5.2.0/../../../../xtensa-esp32-elf/bin/ld.exe: cannot find -lsim
c:/sysgcc/esp32/opt/xtensa-esp32-elf/bin/../lib/gcc/xtensa-esp32-elf/5.2.0/../../../../xtensa-esp32-elf/bin/ld.exe: cannot find -lhandlers-sim
c:/sysgcc/esp32/opt/xtensa-esp32-elf/bin/../lib/gcc/xtensa-esp32-elf/5.2.0/../../../../xtensa-esp32-elf/bin/ld.exe: cannot find -lhal
collect2.exe: error: ld returned 1 exit status


Compiling the CXX compiler identification source file "CMakeCXXCompilerId.cpp" failed.
Compiler: C:/SysGCC/esp32/opt/xtensa-esp32-elf/bin/xtensa-esp32-elf-g++.exe 
Build flags: 
Id flags:  

The output was:
1
c:/sysgcc/esp32/opt/xtensa-esp32-elf/bin/../lib/gcc/xtensa-esp32-elf/5.2.0/../../../../xtensa-esp32-elf/bin/ld.exe: cannot find crt1-sim.o: No such file or directory
c:/sysgcc/esp32/opt/xtensa-esp32-elf/bin/../lib/gcc/xtensa-esp32-elf/5.2.0/../../../../xtensa-esp32-elf/bin/ld.exe: cannot find _vectors.o: No such file or directory
c:/sysgcc/esp32/opt/xtensa-esp32-elf/bin/../lib/gcc/xtensa-esp32-elf/5.2.0/../../../../xtensa-esp32-elf/bin/ld.exe: cannot find -lsim
c:/sysgcc/esp32/opt/xtensa-esp32-elf/bin/../lib/gcc/xtensa-esp32-elf/5.2.0/../../../../xtensa-esp32-elf/bin/ld.exe: cannot find -lhandlers-sim
c:/sysgcc/esp32/opt/xtensa-esp32-elf/bin/../lib/gcc/xtensa-esp32-elf/5.2.0/../../../../xtensa-esp32-elf/bin/ld.exe: cannot find -lhal
collect2.exe: error: ld returned 1 exit status


